\BOOKMARK [0][-]{section*.1}{\376\377\000P\000r\000o\000j\000e\000c\000t\000\040\0001}{}% 1
\BOOKMARK [1][-]{section*.2}{\376\377\000P\000r\000o\000b\000l\000e\000m\000\040\0001}{section*.1}% 2
\BOOKMARK [1][-]{section*.3}{\376\377\000P\000r\000o\000b\000l\000e\000m\000\040\0002}{section*.1}% 3
\BOOKMARK [1][-]{section*.5}{\376\377\000P\000r\000o\000b\000l\000e\000m\000\040\0003}{section*.1}% 4
\BOOKMARK [1][-]{section*.6}{\376\377\000P\000r\000o\000b\000l\000e\000m\000\040\0004}{section*.1}% 5
\BOOKMARK [1][-]{section*.7}{\376\377\000P\000r\000o\000b\000l\000e\000m\000\040\0005}{section*.1}% 6
\BOOKMARK [2][-]{section*.8}{\376\377\000a\000\051}{section*.7}% 7
\BOOKMARK [2][-]{section*.9}{\376\377\000b\000\051}{section*.7}% 8
\BOOKMARK [1][-]{section*.10}{\376\377\000P\000r\000o\000b\000l\000e\000m\000\040\0006}{section*.1}% 9
\BOOKMARK [2][-]{section*.11}{\376\377\000a\000\051}{section*.10}% 10
\BOOKMARK [2][-]{section*.12}{\376\377\000b\000\051}{section*.10}% 11
\BOOKMARK [1][-]{section*.13}{\376\377\000P\000r\000o\000b\000l\000e\000m\000\040\0007}{section*.1}% 12
\BOOKMARK [2][-]{section*.14}{\376\377\000a\000\051}{section*.13}% 13
\BOOKMARK [2][-]{section*.16}{\376\377\000b\000\051}{section*.13}% 14
\BOOKMARK [1][-]{section*.18}{\376\377\000P\000r\000o\000b\000l\000e\000m\000\040\0008}{section*.1}% 15
\BOOKMARK [2][-]{section*.19}{\376\377\000a\000\051\000\040\000\046\000\040\000b\000\051}{section*.18}% 16
\BOOKMARK [2][-]{section*.21}{\376\377\000c\000\051}{section*.18}% 17
\BOOKMARK [1][-]{section*.24}{\376\377\000P\000r\000o\000b\000l\000e\000m\000\040\0009}{section*.1}% 18
\BOOKMARK [2][-]{section*.25}{\376\377\000a\000\051}{section*.24}% 19
\BOOKMARK [2][-]{section*.26}{\376\377\000b\000\051}{section*.24}% 20
\BOOKMARK [2][-]{section*.27}{\376\377\000c\000\051}{section*.24}% 21
\BOOKMARK [1][-]{section*.28}{\376\377\000P\000r\000o\000b\000l\000e\000m\000\040\0001\0000}{section*.1}% 22
